<?xml version="1.0" encoding="UTF-8"?>
<testng-results skipped="0" failed="0" ignored="0" total="2" passed="2">
  <reporter-output>
    <line>
      <![CDATA[Setting up reports and Test Started]]>
    </line>
    <line>
      <![CDATA[Setting Done Test can be started]]>
    </line>
    <line>
      <![CDATA[Trying to start Browser and Getting application ready]]>
    </line>
    <line>
      <![CDATA[Browser and Application is up and running]]>
    </line>
    <line>
      <![CDATA[Test is about to end]]>
    </line>
    <line>
      <![CDATA[Test Completed >>> Reports Generated]]>
    </line>
    <line>
      <![CDATA[Test is about to end]]>
    </line>
    <line>
      <![CDATA[Test Completed >>> Reports Generated]]>
    </line>
  </reporter-output>
  <suite name="Default suite" duration-ms="20164" started-at="2019-05-15T11:34:45Z" finished-at="2019-05-15T11:35:05Z">
    <groups>
    </groups>
    <test name="Default test" duration-ms="20164" started-at="2019-05-15T11:34:45Z" finished-at="2019-05-15T11:35:05Z">
      <class name="com.automation.testcases.LoginTestCRM">
        <test-method status="PASS" signature="setUpSuite()[pri:0, instance:com.automation.testcases.LoginTestCRM@78c730]" name="setUpSuite" is-config="true" duration-ms="670" started-at="2019-05-15T17:04:44Z" finished-at="2019-05-15T17:04:45Z">
          <reporter-output>
            <line>
              <![CDATA[Setting up reports and Test Started]]>
            </line>
            <line>
              <![CDATA[Setting Done Test can be started]]>
            </line>
          </reporter-output>
        </test-method> <!-- setUpSuite -->
        <test-method status="PASS" signature="setup()[pri:0, instance:com.automation.testcases.LoginTestCRM@78c730]" name="setup" is-config="true" duration-ms="9842" started-at="2019-05-15T17:04:45Z" finished-at="2019-05-15T17:04:54Z">
          <reporter-output>
            <line>
              <![CDATA[Trying to start Browser and Getting application ready]]>
            </line>
            <line>
              <![CDATA[Browser and Application is up and running]]>
            </line>
          </reporter-output>
        </test-method> <!-- setup -->
        <test-method status="PASS" signature="loginApp()[pri:1, instance:com.automation.testcases.LoginTestCRM@78c730]" name="loginApp" duration-ms="8416" started-at="2019-05-15T17:04:54Z" finished-at="2019-05-15T17:05:03Z">
          <reporter-output>
          </reporter-output>
        </test-method> <!-- loginApp -->
        <test-method status="PASS" signature="tearDownMethod(org.testng.ITestResult)[pri:0, instance:com.automation.testcases.LoginTestCRM@78c730]" name="tearDownMethod" is-config="true" duration-ms="700" started-at="2019-05-15T17:05:03Z" finished-at="2019-05-15T17:05:04Z">
          <params>
            <param index="0">
              <value>
                <![CDATA[[TestResult name=loginApp status=SUCCESS method=LoginTestCRM.loginApp()[pri:1, instance:com.automation.testcases.LoginTestCRM@78c730] output={null}]]]>
              </value>
            </param>
          </params>
          <reporter-output>
            <line>
              <![CDATA[Test is about to end]]>
            </line>
            <line>
              <![CDATA[Test Completed >>> Reports Generated]]>
            </line>
          </reporter-output>
        </test-method> <!-- tearDownMethod -->
        <test-method status="PASS" signature="loginApp1()[pri:2, instance:com.automation.testcases.LoginTestCRM@78c730]" name="loginApp1" duration-ms="3" started-at="2019-05-15T17:05:04Z" finished-at="2019-05-15T17:05:04Z">
          <reporter-output>
          </reporter-output>
        </test-method> <!-- loginApp1 -->
        <test-method status="PASS" signature="tearDownMethod(org.testng.ITestResult)[pri:0, instance:com.automation.testcases.LoginTestCRM@78c730]" name="tearDownMethod" is-config="true" duration-ms="363" started-at="2019-05-15T17:05:04Z" finished-at="2019-05-15T17:05:04Z">
          <params>
            <param index="0">
              <value>
                <![CDATA[[TestResult name=loginApp1 status=SUCCESS method=LoginTestCRM.loginApp1()[pri:2, instance:com.automation.testcases.LoginTestCRM@78c730] output={null}]]]>
              </value>
            </param>
          </params>
          <reporter-output>
            <line>
              <![CDATA[Test is about to end]]>
            </line>
            <line>
              <![CDATA[Test Completed >>> Reports Generated]]>
            </line>
          </reporter-output>
        </test-method> <!-- tearDownMethod -->
        <test-method status="PASS" signature="tesrDown()[pri:0, instance:com.automation.testcases.LoginTestCRM@78c730]" name="tesrDown" is-config="true" duration-ms="813" started-at="2019-05-15T17:05:04Z" finished-at="2019-05-15T17:05:05Z">
          <reporter-output>
          </reporter-output>
        </test-method> <!-- tesrDown -->
      </class> <!-- com.automation.testcases.LoginTestCRM -->
    </test> <!-- Default test -->
  </suite> <!-- Default suite -->
</testng-results>
