<?xml version="1.0" encoding="UTF-8"?>
<!-- Generated by org.testng.reporters.JUnitXMLReporter -->
<testsuite hostname="Dell-PC" ignored="0" name="Test" tests="3" failures="0" timestamp="18 May 2019 06:37:25 GMT" time="50.934" errors="0">
  <testcase name="test1" time="16.7" classname="com.automation.testcases.TestCasesWithoutFramework"/>
  <testcase name="loginApp" time="3.235" classname="com.automation.testcases.LoginTestCRM"/>
  <testcase name="loginApp1" time="0.013" classname="com.automation.testcases.LoginTestCRM"/>
</testsuite> <!-- Test -->
